<?xml version="1.0" encoding="UTF-8"?>
<testsuite xmlns:xsi="http://www.w3.org/2001/XMLSchema-instance" xsi:noNamespaceSchemaLocation="https://maven.apache.org/surefire/maven-surefire-plugin/xsd/surefire-test-report-3.0.xsd" version="3.0" name="Fidexio Login feature" time="124.502" tests="23" errors="6" skipped="0" failures="0">
  <properties>
    <property name="sun.desktop" value="windows"/>
    <property name="awt.toolkit" value="sun.awt.windows.WToolkit"/>
    <property name="java.specification.version" value="11"/>
    <property name="webdriver.chrome.driver" value="C:\Users\Mehmet\.cache\selenium\chromedriver\win32\102.0.5005.61\chromedriver.exe"/>
    <property name="sun.cpu.isalist" value="amd64"/>
    <property name="sun.jnu.encoding" value="Cp1254"/>
    <property name="java.class.path" value="C:\Users\Mehmet\IdeaProjects\fidexio-erp\target\test-classes;C:\Users\Mehmet\IdeaProjects\fidexio-erp\target\classes;C:\Users\Mehmet\.m2\repository\org\seleniumhq\selenium\selenium-java\3.141.59\selenium-java-3.141.59.jar;C:\Users\Mehmet\.m2\repository\org\seleniumhq\selenium\selenium-api\3.141.59\selenium-api-3.141.59.jar;C:\Users\Mehmet\.m2\repository\org\seleniumhq\selenium\selenium-chrome-driver\3.141.59\selenium-chrome-driver-3.141.59.jar;C:\Users\Mehmet\.m2\repository\org\seleniumhq\selenium\selenium-edge-driver\3.141.59\selenium-edge-driver-3.141.59.jar;C:\Users\Mehmet\.m2\repository\org\seleniumhq\selenium\selenium-firefox-driver\3.141.59\selenium-firefox-driver-3.141.59.jar;C:\Users\Mehmet\.m2\repository\org\seleniumhq\selenium\selenium-ie-driver\3.141.59\selenium-ie-driver-3.141.59.jar;C:\Users\Mehmet\.m2\repository\org\seleniumhq\selenium\selenium-opera-driver\3.141.59\selenium-opera-driver-3.141.59.jar;C:\Users\Mehmet\.m2\repository\org\seleniumhq\selenium\selenium-remote-driver\3.141.59\selenium-remote-driver-3.141.59.jar;C:\Users\Mehmet\.m2\repository\org\seleniumhq\selenium\selenium-safari-driver\3.141.59\selenium-safari-driver-3.141.59.jar;C:\Users\Mehmet\.m2\repository\org\seleniumhq\selenium\selenium-support\3.141.59\selenium-support-3.141.59.jar;C:\Users\Mehmet\.m2\repository\net\bytebuddy\byte-buddy\1.8.15\byte-buddy-1.8.15.jar;C:\Users\Mehmet\.m2\repository\org\apache\commons\commons-exec\1.3\commons-exec-1.3.jar;C:\Users\Mehmet\.m2\repository\com\google\guava\guava\25.0-jre\guava-25.0-jre.jar;C:\Users\Mehmet\.m2\repository\com\google\code\findbugs\jsr305\1.3.9\jsr305-1.3.9.jar;C:\Users\Mehmet\.m2\repository\org\checkerframework\checker-compat-qual\2.0.0\checker-compat-qual-2.0.0.jar;C:\Users\Mehmet\.m2\repository\com\google\errorprone\error_prone_annotations\2.1.3\error_prone_annotations-2.1.3.jar;C:\Users\Mehmet\.m2\repository\com\google\j2objc\j2objc-annotations\1.1\j2objc-annotations-1.1.jar;C:\Users\Mehmet\.m2\repository\org\codehaus\mojo\animal-sniffer-annotations\1.14\animal-sniffer-annotations-1.14.jar;C:\Users\Mehmet\.m2\repository\com\squareup\okhttp3\okhttp\3.11.0\okhttp-3.11.0.jar;C:\Users\Mehmet\.m2\repository\com\squareup\okio\okio\1.14.0\okio-1.14.0.jar;C:\Users\Mehmet\.m2\repository\io\github\bonigarcia\webdrivermanager\5.1.0\webdrivermanager-5.1.0.jar;C:\Users\Mehmet\.m2\repository\org\slf4j\slf4j-api\1.7.36\slf4j-api-1.7.36.jar;C:\Users\Mehmet\.m2\repository\com\google\code\gson\gson\2.9.0\gson-2.9.0.jar;C:\Users\Mehmet\.m2\repository\com\github\docker-java\docker-java\3.2.13\docker-java-3.2.13.jar;C:\Users\Mehmet\.m2\repository\com\github\docker-java\docker-java-core\3.2.13\docker-java-core-3.2.13.jar;C:\Users\Mehmet\.m2\repository\com\github\docker-java\docker-java-api\3.2.13\docker-java-api-3.2.13.jar;C:\Users\Mehmet\.m2\repository\org\apache\commons\commons-compress\1.21\commons-compress-1.21.jar;C:\Users\Mehmet\.m2\repository\org\bouncycastle\bcpkix-jdk15on\1.64\bcpkix-jdk15on-1.64.jar;C:\Users\Mehmet\.m2\repository\org\bouncycastle\bcprov-jdk15on\1.64\bcprov-jdk15on-1.64.jar;C:\Users\Mehmet\.m2\repository\org\slf4j\jcl-over-slf4j\1.7.30\jcl-over-slf4j-1.7.30.jar;C:\Users\Mehmet\.m2\repository\com\github\docker-java\docker-java-transport-httpclient5\3.2.13\docker-java-transport-httpclient5-3.2.13.jar;C:\Users\Mehmet\.m2\repository\com\github\docker-java\docker-java-transport\3.2.13\docker-java-transport-3.2.13.jar;C:\Users\Mehmet\.m2\repository\org\apache\httpcomponents\client5\httpclient5\5.0.3\httpclient5-5.0.3.jar;C:\Users\Mehmet\.m2\repository\org\apache\httpcomponents\core5\httpcore5\5.0.2\httpcore5-5.0.2.jar;C:\Users\Mehmet\.m2\repository\commons-codec\commons-codec\1.13\commons-codec-1.13.jar;C:\Users\Mehmet\.m2\repository\net\java\dev\jna\jna\5.8.0\jna-5.8.0.jar;C:\Users\Mehmet\.m2\repository\org\brotli\dec\0.1.2\dec-0.1.2.jar;C:\Users\Mehmet\.m2\repository\org\apache\commons\commons-lang3\3.12.0\commons-lang3-3.12.0.jar;C:\Users\Mehmet\.m2\repository\com\github\javafaker\javafaker\1.0.2\javafaker-1.0.2.jar;C:\Users\Mehmet\.m2\repository\org\yaml\snakeyaml\1.23\snakeyaml-1.23-android.jar;C:\Users\Mehmet\.m2\repository\com\github\mifmif\generex\1.0.2\generex-1.0.2.jar;C:\Users\Mehmet\.m2\repository\dk\brics\automaton\automaton\1.11-8\automaton-1.11-8.jar;C:\Users\Mehmet\.m2\repository\io\cucumber\cucumber-java\7.2.3\cucumber-java-7.2.3.jar;C:\Users\Mehmet\.m2\repository\io\cucumber\cucumber-core\7.2.3\cucumber-core-7.2.3.jar;C:\Users\Mehmet\.m2\repository\io\cucumber\cucumber-gherkin\7.2.3\cucumber-gherkin-7.2.3.jar;C:\Users\Mehmet\.m2\repository\io\cucumber\cucumber-gherkin-messages\7.2.3\cucumber-gherkin-messages-7.2.3.jar;C:\Users\Mehmet\.m2\repository\io\cucumber\messages\17.1.1\messages-17.1.1.jar;C:\Users\Mehmet\.m2\repository\io\cucumber\tag-expressions\4.1.0\tag-expressions-4.1.0.jar;C:\Users\Mehmet\.m2\repository\io\cucumber\cucumber-expressions\15.0.1\cucumber-expressions-15.0.1.jar;C:\Users\Mehmet\.m2\repository\io\cucumber\datatable\7.2.3\datatable-7.2.3.jar;C:\Users\Mehmet\.m2\repository\io\cucumber\cucumber-plugin\7.2.3\cucumber-plugin-7.2.3.jar;C:\Users\Mehmet\.m2\repository\io\cucumber\docstring\7.2.3\docstring-7.2.3.jar;C:\Users\Mehmet\.m2\repository\io\cucumber\html-formatter\17.0.0\html-formatter-17.0.0.jar;C:\Users\Mehmet\.m2\repository\io\cucumber\ci-environment\8.1.0\ci-environment-8.1.0.jar;C:\Users\Mehmet\.m2\repository\org\apiguardian\apiguardian-api\1.1.2\apiguardian-api-1.1.2.jar;C:\Users\Mehmet\.m2\repository\io\cucumber\cucumber-junit\7.2.3\cucumber-junit-7.2.3.jar;C:\Users\Mehmet\.m2\repository\junit\junit\4.13.2\junit-4.13.2.jar;C:\Users\Mehmet\.m2\repository\org\hamcrest\hamcrest-core\1.3\hamcrest-core-1.3.jar;C:\Users\Mehmet\.m2\repository\me\jvt\cucumber\reporting-plugin\7.2.0\reporting-plugin-7.2.0.jar;C:\Users\Mehmet\.m2\repository\io\cucumber\gherkin\22.0.0\gherkin-22.0.0.jar;C:\Users\Mehmet\.m2\repository\net\masterthought\cucumber-reporting\5.6.1\cucumber-reporting-5.6.1.jar;C:\Users\Mehmet\.m2\repository\com\fasterxml\jackson\core\jackson-databind\2.12.1\jackson-databind-2.12.1.jar;C:\Users\Mehmet\.m2\repository\com\fasterxml\jackson\core\jackson-annotations\2.12.1\jackson-annotations-2.12.1.jar;C:\Users\Mehmet\.m2\repository\com\fasterxml\jackson\core\jackson-core\2.12.1\jackson-core-2.12.1.jar;C:\Users\Mehmet\.m2\repository\com\fasterxml\jackson\datatype\jackson-datatype-jsr310\2.12.1\jackson-datatype-jsr310-2.12.1.jar;C:\Users\Mehmet\.m2\repository\org\apache\velocity\velocity-engine-core\2.3\velocity-engine-core-2.3.jar;C:\Users\Mehmet\.m2\repository\commons-collections\commons-collections\3.2.2\commons-collections-3.2.2.jar;C:\Users\Mehmet\.m2\repository\joda-time\joda-time\2.10.10\joda-time-2.10.10.jar;C:\Users\Mehmet\.m2\repository\commons-io\commons-io\2.7\commons-io-2.7.jar;C:\Users\Mehmet\.m2\repository\org\codehaus\plexus\plexus-utils\3.3.0\plexus-utils-3.3.0.jar;C:\Users\Mehmet\.m2\repository\org\jsoup\jsoup\1.14.2\jsoup-1.14.2.jar;C:\Users\Mehmet\.m2\repository\com\googlecode\owasp-java-html-sanitizer\owasp-java-html-sanitizer\20211018.2\owasp-java-html-sanitizer-20211018.2.jar;C:\Users\Mehmet\.m2\repository\commons-configuration\commons-configuration\1.10\commons-configuration-1.10.jar;C:\Users\Mehmet\.m2\repository\commons-lang\commons-lang\2.6\commons-lang-2.6.jar;C:\Users\Mehmet\.m2\repository\commons-logging\commons-logging\1.1.1\commons-logging-1.1.1.jar;C:\Users\Mehmet\.m2\repository\org\slf4j\slf4j-simple\1.7.32\slf4j-simple-1.7.32.jar;"/>
    <property name="java.vm.vendor" value="Oracle Corporation"/>
    <property name="sun.arch.data.model" value="64"/>
    <property name="user.variant" value=""/>
    <property name="java.vendor.url" value="https://openjdk.java.net/"/>
    <property name="user.timezone" value="Asia/Istanbul"/>
    <property name="user.country.format" value="TR"/>
    <property name="java.vm.specification.version" value="11"/>
    <property name="os.name" value="Windows 10"/>
    <property name="sun.java.launcher" value="SUN_STANDARD"/>
    <property name="user.country" value="US"/>
    <property name="sun.boot.library.path" value="C:\Program Files\Java\jdk-11.0.12\bin"/>
    <property name="sun.java.command" value="C:\Users\Mehmet\AppData\Local\Temp\surefire6693388758897470317\surefirebooter3286883002946221949.jar C:\Users\Mehmet\AppData\Local\Temp\surefire6693388758897470317 2022-06-29T23-47-45_537-jvmRun1 surefire7797244486744740249tmp surefire_04961662218800949299tmp"/>
    <property name="jdk.debug" value="release"/>
    <property name="surefire.test.class.path" value="C:\Users\Mehmet\IdeaProjects\fidexio-erp\target\test-classes;C:\Users\Mehmet\IdeaProjects\fidexio-erp\target\classes;C:\Users\Mehmet\.m2\repository\org\seleniumhq\selenium\selenium-java\3.141.59\selenium-java-3.141.59.jar;C:\Users\Mehmet\.m2\repository\org\seleniumhq\selenium\selenium-api\3.141.59\selenium-api-3.141.59.jar;C:\Users\Mehmet\.m2\repository\org\seleniumhq\selenium\selenium-chrome-driver\3.141.59\selenium-chrome-driver-3.141.59.jar;C:\Users\Mehmet\.m2\repository\org\seleniumhq\selenium\selenium-edge-driver\3.141.59\selenium-edge-driver-3.141.59.jar;C:\Users\Mehmet\.m2\repository\org\seleniumhq\selenium\selenium-firefox-driver\3.141.59\selenium-firefox-driver-3.141.59.jar;C:\Users\Mehmet\.m2\repository\org\seleniumhq\selenium\selenium-ie-driver\3.141.59\selenium-ie-driver-3.141.59.jar;C:\Users\Mehmet\.m2\repository\org\seleniumhq\selenium\selenium-opera-driver\3.141.59\selenium-opera-driver-3.141.59.jar;C:\Users\Mehmet\.m2\repository\org\seleniumhq\selenium\selenium-remote-driver\3.141.59\selenium-remote-driver-3.141.59.jar;C:\Users\Mehmet\.m2\repository\org\seleniumhq\selenium\selenium-safari-driver\3.141.59\selenium-safari-driver-3.141.59.jar;C:\Users\Mehmet\.m2\repository\org\seleniumhq\selenium\selenium-support\3.141.59\selenium-support-3.141.59.jar;C:\Users\Mehmet\.m2\repository\net\bytebuddy\byte-buddy\1.8.15\byte-buddy-1.8.15.jar;C:\Users\Mehmet\.m2\repository\org\apache\commons\commons-exec\1.3\commons-exec-1.3.jar;C:\Users\Mehmet\.m2\repository\com\google\guava\guava\25.0-jre\guava-25.0-jre.jar;C:\Users\Mehmet\.m2\repository\com\google\code\findbugs\jsr305\1.3.9\jsr305-1.3.9.jar;C:\Users\Mehmet\.m2\repository\org\checkerframework\checker-compat-qual\2.0.0\checker-compat-qual-2.0.0.jar;C:\Users\Mehmet\.m2\repository\com\google\errorprone\error_prone_annotations\2.1.3\error_prone_annotations-2.1.3.jar;C:\Users\Mehmet\.m2\repository\com\google\j2objc\j2objc-annotations\1.1\j2objc-annotations-1.1.jar;C:\Users\Mehmet\.m2\repository\org\codehaus\mojo\animal-sniffer-annotations\1.14\animal-sniffer-annotations-1.14.jar;C:\Users\Mehmet\.m2\repository\com\squareup\okhttp3\okhttp\3.11.0\okhttp-3.11.0.jar;C:\Users\Mehmet\.m2\repository\com\squareup\okio\okio\1.14.0\okio-1.14.0.jar;C:\Users\Mehmet\.m2\repository\io\github\bonigarcia\webdrivermanager\5.1.0\webdrivermanager-5.1.0.jar;C:\Users\Mehmet\.m2\repository\org\slf4j\slf4j-api\1.7.36\slf4j-api-1.7.36.jar;C:\Users\Mehmet\.m2\repository\com\google\code\gson\gson\2.9.0\gson-2.9.0.jar;C:\Users\Mehmet\.m2\repository\com\github\docker-java\docker-java\3.2.13\docker-java-3.2.13.jar;C:\Users\Mehmet\.m2\repository\com\github\docker-java\docker-java-core\3.2.13\docker-java-core-3.2.13.jar;C:\Users\Mehmet\.m2\repository\com\github\docker-java\docker-java-api\3.2.13\docker-java-api-3.2.13.jar;C:\Users\Mehmet\.m2\repository\org\apache\commons\commons-compress\1.21\commons-compress-1.21.jar;C:\Users\Mehmet\.m2\repository\org\bouncycastle\bcpkix-jdk15on\1.64\bcpkix-jdk15on-1.64.jar;C:\Users\Mehmet\.m2\repository\org\bouncycastle\bcprov-jdk15on\1.64\bcprov-jdk15on-1.64.jar;C:\Users\Mehmet\.m2\repository\org\slf4j\jcl-over-slf4j\1.7.30\jcl-over-slf4j-1.7.30.jar;C:\Users\Mehmet\.m2\repository\com\github\docker-java\docker-java-transport-httpclient5\3.2.13\docker-java-transport-httpclient5-3.2.13.jar;C:\Users\Mehmet\.m2\repository\com\github\docker-java\docker-java-transport\3.2.13\docker-java-transport-3.2.13.jar;C:\Users\Mehmet\.m2\repository\org\apache\httpcomponents\client5\httpclient5\5.0.3\httpclient5-5.0.3.jar;C:\Users\Mehmet\.m2\repository\org\apache\httpcomponents\core5\httpcore5\5.0.2\httpcore5-5.0.2.jar;C:\Users\Mehmet\.m2\repository\commons-codec\commons-codec\1.13\commons-codec-1.13.jar;C:\Users\Mehmet\.m2\repository\net\java\dev\jna\jna\5.8.0\jna-5.8.0.jar;C:\Users\Mehmet\.m2\repository\org\brotli\dec\0.1.2\dec-0.1.2.jar;C:\Users\Mehmet\.m2\repository\org\apache\commons\commons-lang3\3.12.0\commons-lang3-3.12.0.jar;C:\Users\Mehmet\.m2\repository\com\github\javafaker\javafaker\1.0.2\javafaker-1.0.2.jar;C:\Users\Mehmet\.m2\repository\org\yaml\snakeyaml\1.23\snakeyaml-1.23-android.jar;C:\Users\Mehmet\.m2\repository\com\github\mifmif\generex\1.0.2\generex-1.0.2.jar;C:\Users\Mehmet\.m2\repository\dk\brics\automaton\automaton\1.11-8\automaton-1.11-8.jar;C:\Users\Mehmet\.m2\repository\io\cucumber\cucumber-java\7.2.3\cucumber-java-7.2.3.jar;C:\Users\Mehmet\.m2\repository\io\cucumber\cucumber-core\7.2.3\cucumber-core-7.2.3.jar;C:\Users\Mehmet\.m2\repository\io\cucumber\cucumber-gherkin\7.2.3\cucumber-gherkin-7.2.3.jar;C:\Users\Mehmet\.m2\repository\io\cucumber\cucumber-gherkin-messages\7.2.3\cucumber-gherkin-messages-7.2.3.jar;C:\Users\Mehmet\.m2\repository\io\cucumber\messages\17.1.1\messages-17.1.1.jar;C:\Users\Mehmet\.m2\repository\io\cucumber\tag-expressions\4.1.0\tag-expressions-4.1.0.jar;C:\Users\Mehmet\.m2\repository\io\cucumber\cucumber-expressions\15.0.1\cucumber-expressions-15.0.1.jar;C:\Users\Mehmet\.m2\repository\io\cucumber\datatable\7.2.3\datatable-7.2.3.jar;C:\Users\Mehmet\.m2\repository\io\cucumber\cucumber-plugin\7.2.3\cucumber-plugin-7.2.3.jar;C:\Users\Mehmet\.m2\repository\io\cucumber\docstring\7.2.3\docstring-7.2.3.jar;C:\Users\Mehmet\.m2\repository\io\cucumber\html-formatter\17.0.0\html-formatter-17.0.0.jar;C:\Users\Mehmet\.m2\repository\io\cucumber\ci-environment\8.1.0\ci-environment-8.1.0.jar;C:\Users\Mehmet\.m2\repository\org\apiguardian\apiguardian-api\1.1.2\apiguardian-api-1.1.2.jar;C:\Users\Mehmet\.m2\repository\io\cucumber\cucumber-junit\7.2.3\cucumber-junit-7.2.3.jar;C:\Users\Mehmet\.m2\repository\junit\junit\4.13.2\junit-4.13.2.jar;C:\Users\Mehmet\.m2\repository\org\hamcrest\hamcrest-core\1.3\hamcrest-core-1.3.jar;C:\Users\Mehmet\.m2\repository\me\jvt\cucumber\reporting-plugin\7.2.0\reporting-plugin-7.2.0.jar;C:\Users\Mehmet\.m2\repository\io\cucumber\gherkin\22.0.0\gherkin-22.0.0.jar;C:\Users\Mehmet\.m2\repository\net\masterthought\cucumber-reporting\5.6.1\cucumber-reporting-5.6.1.jar;C:\Users\Mehmet\.m2\repository\com\fasterxml\jackson\core\jackson-databind\2.12.1\jackson-databind-2.12.1.jar;C:\Users\Mehmet\.m2\repository\com\fasterxml\jackson\core\jackson-annotations\2.12.1\jackson-annotations-2.12.1.jar;C:\Users\Mehmet\.m2\repository\com\fasterxml\jackson\core\jackson-core\2.12.1\jackson-core-2.12.1.jar;C:\Users\Mehmet\.m2\repository\com\fasterxml\jackson\datatype\jackson-datatype-jsr310\2.12.1\jackson-datatype-jsr310-2.12.1.jar;C:\Users\Mehmet\.m2\repository\org\apache\velocity\velocity-engine-core\2.3\velocity-engine-core-2.3.jar;C:\Users\Mehmet\.m2\repository\commons-collections\commons-collections\3.2.2\commons-collections-3.2.2.jar;C:\Users\Mehmet\.m2\repository\joda-time\joda-time\2.10.10\joda-time-2.10.10.jar;C:\Users\Mehmet\.m2\repository\commons-io\commons-io\2.7\commons-io-2.7.jar;C:\Users\Mehmet\.m2\repository\org\codehaus\plexus\plexus-utils\3.3.0\plexus-utils-3.3.0.jar;C:\Users\Mehmet\.m2\repository\org\jsoup\jsoup\1.14.2\jsoup-1.14.2.jar;C:\Users\Mehmet\.m2\repository\com\googlecode\owasp-java-html-sanitizer\owasp-java-html-sanitizer\20211018.2\owasp-java-html-sanitizer-20211018.2.jar;C:\Users\Mehmet\.m2\repository\commons-configuration\commons-configuration\1.10\commons-configuration-1.10.jar;C:\Users\Mehmet\.m2\repository\commons-lang\commons-lang\2.6\commons-lang-2.6.jar;C:\Users\Mehmet\.m2\repository\commons-logging\commons-logging\1.1.1\commons-logging-1.1.1.jar;C:\Users\Mehmet\.m2\repository\org\slf4j\slf4j-simple\1.7.32\slf4j-simple-1.7.32.jar;"/>
    <property name="sun.cpu.endian" value="little"/>
    <property name="user.home" value="C:\Users\Mehmet"/>
    <property name="user.language" value="en"/>
    <property name="java.specification.vendor" value="Oracle Corporation"/>
    <property name="java.version.date" value="2021-07-20"/>
    <property name="java.home" value="C:\Program Files\Java\jdk-11.0.12"/>
    <property name="file.separator" value="\"/>
    <property name="basedir" value="C:\Users\Mehmet\IdeaProjects\fidexio-erp"/>
    <property name="java.vm.compressedOopsMode" value="32-bit"/>
    <property name="line.separator" value="&#10;"/>
    <property name="java.specification.name" value="Java Platform API Specification"/>
    <property name="java.vm.specification.vendor" value="Oracle Corporation"/>
    <property name="java.awt.graphicsenv" value="sun.awt.Win32GraphicsEnvironment"/>
    <property name="surefire.real.class.path" value="C:\Users\Mehmet\AppData\Local\Temp\surefire6693388758897470317\surefirebooter3286883002946221949.jar"/>
    <property name="user.script" value=""/>
    <property name="sun.management.compiler" value="HotSpot 64-Bit Tiered Compilers"/>
    <property name="java.runtime.version" value="11.0.12+8-LTS-237"/>
    <property name="user.name" value="Mehmet"/>
    <property name="path.separator" value=";"/>
    <property name="os.version" value="10.0"/>
    <property name="java.runtime.name" value="Java(TM) SE Runtime Environment"/>
    <property name="file.encoding" value="Cp1254"/>
    <property name="java.vm.name" value="Java HotSpot(TM) 64-Bit Server VM"/>
    <property name="java.vendor.version" value="18.9"/>
    <property name="localRepository" value="C:\Users\Mehmet\.m2\repository"/>
    <property name="java.vendor.url.bug" value="https://bugreport.java.com/bugreport/"/>
    <property name="java.io.tmpdir" value="C:\Users\Mehmet\AppData\Local\Temp\"/>
    <property name="idea.version" value="2021.3.3"/>
    <property name="java.version" value="11.0.12"/>
    <property name="user.dir" value="C:\Users\Mehmet\IdeaProjects\fidexio-erp"/>
    <property name="os.arch" value="amd64"/>
    <property name="java.vm.specification.name" value="Java Virtual Machine Specification"/>
    <property name="java.awt.printerjob" value="sun.awt.windows.WPrinterJob"/>
    <property name="user.language.format" value="tr"/>
    <property name="sun.os.patch.level" value=""/>
    <property name="java.library.path" value="C:\Program Files\Java\jdk-11.0.12\bin;C:\Windows\Sun\Java\bin;C:\Windows\system32;C:\Windows;C:\Program Files (x86)\VMware\VMware Player\bin\;C:\Program Files\Common Files\Oracle\Java\javapath;C:\Program Files (x86)\Common Files\Intel\Shared Libraries\redist\intel64\compiler;C:\Program Files (x86)\Common Files\Oracle\Java\javapath;C:\Windows\system32;C:\Windows;C:\Windows\System32\Wbem;C:\Windows\System32\WindowsPowerShell\v1.0\;C:\Windows\System32\OpenSSH\;C:\Program Files\Microsoft SQL Server\120\Tools\Binn\;C:\Program Files\NVIDIA Corporation\NVIDIA NvDLISR;C:\Program Files\Git\cmd;C:\Users\Mehmet\AppData\Local\Microsoft\WindowsApps;;."/>
    <property name="java.vendor" value="Oracle Corporation"/>
    <property name="java.vm.info" value="mixed mode"/>
    <property name="java.vm.version" value="11.0.12+8-LTS-237"/>
    <property name="sun.io.unicode.encoding" value="UnicodeLittle"/>
    <property name="java.class.version" value="55.0"/>
  </properties>
  <testcase name="Positive Login Scenarios #1" classname="Fidexio Login feature" time="16.703">
    <error message="no such element: Unable to locate element: {&quot;method&quot;:&quot;xpath&quot;,&quot;selector&quot;:&quot;//span[@class=&apos;oe_topbar_name&apos;]&quot;}&#10;  (Session info: headless chrome=102.0.5005.115)&#10;For documentation on this error, please visit: https://www.seleniumhq.org/exceptions/no_such_element.html&#10;Build info: version: &apos;3.141.59&apos;, revision: &apos;e82be7d358&apos;, time: &apos;2018-11-14T08:17:03&apos;&#10;System info: host: &apos;MEHMET&apos;, ip: &apos;192.168.19.1&apos;, os.name: &apos;Windows 10&apos;, os.arch: &apos;amd64&apos;, os.version: &apos;10.0&apos;, java.version: &apos;11.0.12&apos;&#10;Driver info: org.openqa.selenium.chrome.ChromeDriver&#10;Capabilities {acceptInsecureCerts: false, browserName: chrome, browserVersion: 102.0.5005.115, chrome: {chromedriverVersion: 102.0.5005.61 (0e59bcc00cc4..., userDataDir: C:\Users\Mehmet\AppData\Loc...}, goog:chromeOptions: {debuggerAddress: localhost:52273}, javascriptEnabled: true, networkConnectionEnabled: false, pageLoadStrategy: normal, platform: WINDOWS, platformName: WINDOWS, proxy: Proxy(), setWindowRect: true, strictFileInteractability: false, timeouts: {implicit: 0, pageLoad: 300000, script: 30000}, unhandledPromptBehavior: dismiss and notify, webauthn:extension:credBlob: true, webauthn:extension:largeBlob: true, webauthn:virtualAuthenticators: true}&#10;Session ID: bf0f2200217f6baba22a9b127dde85ab&#10;*** Element info: {Using=xpath, value=//span[@class=&apos;oe_topbar_name&apos;]}" type="org.openqa.selenium.NoSuchElementException"><![CDATA[org.openqa.selenium.NoSuchElementException: 
no such element: Unable to locate element: {"method":"xpath","selector":"//span[@class='oe_topbar_name']"}
  (Session info: headless chrome=102.0.5005.115)
For documentation on this error, please visit: https://www.seleniumhq.org/exceptions/no_such_element.html
Build info: version: '3.141.59', revision: 'e82be7d358', time: '2018-11-14T08:17:03'
System info: host: 'MEHMET', ip: '192.168.19.1', os.name: 'Windows 10', os.arch: 'amd64', os.version: '10.0', java.version: '11.0.12'
Driver info: org.openqa.selenium.chrome.ChromeDriver
Capabilities {acceptInsecureCerts: false, browserName: chrome, browserVersion: 102.0.5005.115, chrome: {chromedriverVersion: 102.0.5005.61 (0e59bcc00cc4..., userDataDir: C:\Users\Mehmet\AppData\Loc...}, goog:chromeOptions: {debuggerAddress: localhost:52273}, javascriptEnabled: true, networkConnectionEnabled: false, pageLoadStrategy: normal, platform: WINDOWS, platformName: WINDOWS, proxy: Proxy(), setWindowRect: true, strictFileInteractability: false, timeouts: {implicit: 0, pageLoad: 300000, script: 30000}, unhandledPromptBehavior: dismiss and notify, webauthn:extension:credBlob: true, webauthn:extension:largeBlob: true, webauthn:virtualAuthenticators: true}
Session ID: bf0f2200217f6baba22a9b127dde85ab
*** Element info: {Using=xpath, value=//span[@class='oe_topbar_name']}
]]></error>
    <system-out><![CDATA[Jun 29, 2022 11:49:54 PM net.masterthought.cucumber.ReportParser parseJsonFiles
INFO: File 'C:\Users\Mehmet\AppData\Local\Temp\cucumber2723885846887615216.json' contains 1 features

]]></system-out>
    <system-err><![CDATA[[pool-2-thread-1] INFO io.github.bonigarcia.wdm.WebDriverManager - Using chromedriver 102.0.5005.61 (resolved driver for Chrome 102)
[pool-2-thread-1] INFO io.github.bonigarcia.wdm.WebDriverManager - Exporting webdriver.chrome.driver as C:\Users\Mehmet\.cache\selenium\chromedriver\win32\102.0.5005.61\chromedriver.exe
Starting ChromeDriver 102.0.5005.61 (0e59bcc00cc4985ce39ad31c150065f159d95ad3-refs/branch-heads/5005@{#819}) on port 24501
Only local connections are allowed.
Please see https://chromedriver.chromium.org/security-considerations for suggestions on keeping ChromeDriver safe.
ChromeDriver was started successfully.
Haz 29, 2022 11:47:54 ÖS org.openqa.selenium.remote.ProtocolHandshake createSession
INFO: Detected dialect: W3C
]]></system-err>
  </testcase>
  <testcase name="Positive Login Scenarios #2" classname="Fidexio Login feature" time="9.452">
    <error message="no such element: Unable to locate element: {&quot;method&quot;:&quot;xpath&quot;,&quot;selector&quot;:&quot;//span[@class=&apos;oe_topbar_name&apos;]&quot;}&#10;  (Session info: headless chrome=102.0.5005.115)&#10;For documentation on this error, please visit: https://www.seleniumhq.org/exceptions/no_such_element.html&#10;Build info: version: &apos;3.141.59&apos;, revision: &apos;e82be7d358&apos;, time: &apos;2018-11-14T08:17:03&apos;&#10;System info: host: &apos;MEHMET&apos;, ip: &apos;192.168.19.1&apos;, os.name: &apos;Windows 10&apos;, os.arch: &apos;amd64&apos;, os.version: &apos;10.0&apos;, java.version: &apos;11.0.12&apos;&#10;Driver info: org.openqa.selenium.chrome.ChromeDriver&#10;Capabilities {acceptInsecureCerts: false, browserName: chrome, browserVersion: 102.0.5005.115, chrome: {chromedriverVersion: 102.0.5005.61 (0e59bcc00cc4..., userDataDir: C:\Users\Mehmet\AppData\Loc...}, goog:chromeOptions: {debuggerAddress: localhost:52366}, javascriptEnabled: true, networkConnectionEnabled: false, pageLoadStrategy: normal, platform: WINDOWS, platformName: WINDOWS, proxy: Proxy(), setWindowRect: true, strictFileInteractability: false, timeouts: {implicit: 0, pageLoad: 300000, script: 30000}, unhandledPromptBehavior: dismiss and notify, webauthn:extension:credBlob: true, webauthn:extension:largeBlob: true, webauthn:virtualAuthenticators: true}&#10;Session ID: 627e1c1ae5a6cf58e621fe9944c99961&#10;*** Element info: {Using=xpath, value=//span[@class=&apos;oe_topbar_name&apos;]}" type="org.openqa.selenium.NoSuchElementException"><![CDATA[org.openqa.selenium.NoSuchElementException: 
no such element: Unable to locate element: {"method":"xpath","selector":"//span[@class='oe_topbar_name']"}
  (Session info: headless chrome=102.0.5005.115)
For documentation on this error, please visit: https://www.seleniumhq.org/exceptions/no_such_element.html
Build info: version: '3.141.59', revision: 'e82be7d358', time: '2018-11-14T08:17:03'
System info: host: 'MEHMET', ip: '192.168.19.1', os.name: 'Windows 10', os.arch: 'amd64', os.version: '10.0', java.version: '11.0.12'
Driver info: org.openqa.selenium.chrome.ChromeDriver
Capabilities {acceptInsecureCerts: false, browserName: chrome, browserVersion: 102.0.5005.115, chrome: {chromedriverVersion: 102.0.5005.61 (0e59bcc00cc4..., userDataDir: C:\Users\Mehmet\AppData\Loc...}, goog:chromeOptions: {debuggerAddress: localhost:52366}, javascriptEnabled: true, networkConnectionEnabled: false, pageLoadStrategy: normal, platform: WINDOWS, platformName: WINDOWS, proxy: Proxy(), setWindowRect: true, strictFileInteractability: false, timeouts: {implicit: 0, pageLoad: 300000, script: 30000}, unhandledPromptBehavior: dismiss and notify, webauthn:extension:credBlob: true, webauthn:extension:largeBlob: true, webauthn:virtualAuthenticators: true}
Session ID: 627e1c1ae5a6cf58e621fe9944c99961
*** Element info: {Using=xpath, value=//span[@class='oe_topbar_name']}
]]></error>
    <system-err><![CDATA[[pool-2-thread-1] INFO io.github.bonigarcia.wdm.WebDriverManager - Using chromedriver 102.0.5005.61 (resolved driver for Chrome 102)
[pool-2-thread-1] INFO io.github.bonigarcia.wdm.WebDriverManager - Exporting webdriver.chrome.driver as C:\Users\Mehmet\.cache\selenium\chromedriver\win32\102.0.5005.61\chromedriver.exe
Starting ChromeDriver 102.0.5005.61 (0e59bcc00cc4985ce39ad31c150065f159d95ad3-refs/branch-heads/5005@{#819}) on port 39171
Only local connections are allowed.
Please see https://chromedriver.chromium.org/security-considerations for suggestions on keeping ChromeDriver safe.
ChromeDriver was started successfully.
Haz 29, 2022 11:48:08 ÖS org.openqa.selenium.remote.ProtocolHandshake createSession
INFO: Detected dialect: W3C
]]></system-err>
  </testcase>
  <testcase name="Positive Login Scenarios #3" classname="Fidexio Login feature" time="6.936">
    <error message="no such element: Unable to locate element: {&quot;method&quot;:&quot;xpath&quot;,&quot;selector&quot;:&quot;//span[@class=&apos;oe_topbar_name&apos;]&quot;}&#10;  (Session info: headless chrome=102.0.5005.115)&#10;For documentation on this error, please visit: https://www.seleniumhq.org/exceptions/no_such_element.html&#10;Build info: version: &apos;3.141.59&apos;, revision: &apos;e82be7d358&apos;, time: &apos;2018-11-14T08:17:03&apos;&#10;System info: host: &apos;MEHMET&apos;, ip: &apos;192.168.19.1&apos;, os.name: &apos;Windows 10&apos;, os.arch: &apos;amd64&apos;, os.version: &apos;10.0&apos;, java.version: &apos;11.0.12&apos;&#10;Driver info: org.openqa.selenium.chrome.ChromeDriver&#10;Capabilities {acceptInsecureCerts: false, browserName: chrome, browserVersion: 102.0.5005.115, chrome: {chromedriverVersion: 102.0.5005.61 (0e59bcc00cc4..., userDataDir: C:\Users\Mehmet\AppData\Loc...}, goog:chromeOptions: {debuggerAddress: localhost:52417}, javascriptEnabled: true, networkConnectionEnabled: false, pageLoadStrategy: normal, platform: WINDOWS, platformName: WINDOWS, proxy: Proxy(), setWindowRect: true, strictFileInteractability: false, timeouts: {implicit: 0, pageLoad: 300000, script: 30000}, unhandledPromptBehavior: dismiss and notify, webauthn:extension:credBlob: true, webauthn:extension:largeBlob: true, webauthn:virtualAuthenticators: true}&#10;Session ID: c8457da5bb50c26f73192bb169c5179f&#10;*** Element info: {Using=xpath, value=//span[@class=&apos;oe_topbar_name&apos;]}" type="org.openqa.selenium.NoSuchElementException"><![CDATA[org.openqa.selenium.NoSuchElementException: 
no such element: Unable to locate element: {"method":"xpath","selector":"//span[@class='oe_topbar_name']"}
  (Session info: headless chrome=102.0.5005.115)
For documentation on this error, please visit: https://www.seleniumhq.org/exceptions/no_such_element.html
Build info: version: '3.141.59', revision: 'e82be7d358', time: '2018-11-14T08:17:03'
System info: host: 'MEHMET', ip: '192.168.19.1', os.name: 'Windows 10', os.arch: 'amd64', os.version: '10.0', java.version: '11.0.12'
Driver info: org.openqa.selenium.chrome.ChromeDriver
Capabilities {acceptInsecureCerts: false, browserName: chrome, browserVersion: 102.0.5005.115, chrome: {chromedriverVersion: 102.0.5005.61 (0e59bcc00cc4..., userDataDir: C:\Users\Mehmet\AppData\Loc...}, goog:chromeOptions: {debuggerAddress: localhost:52417}, javascriptEnabled: true, networkConnectionEnabled: false, pageLoadStrategy: normal, platform: WINDOWS, platformName: WINDOWS, proxy: Proxy(), setWindowRect: true, strictFileInteractability: false, timeouts: {implicit: 0, pageLoad: 300000, script: 30000}, unhandledPromptBehavior: dismiss and notify, webauthn:extension:credBlob: true, webauthn:extension:largeBlob: true, webauthn:virtualAuthenticators: true}
Session ID: c8457da5bb50c26f73192bb169c5179f
*** Element info: {Using=xpath, value=//span[@class='oe_topbar_name']}
]]></error>
    <system-err><![CDATA[[pool-2-thread-1] INFO io.github.bonigarcia.wdm.WebDriverManager - Using chromedriver 102.0.5005.61 (resolved driver for Chrome 102)
[pool-2-thread-1] INFO io.github.bonigarcia.wdm.WebDriverManager - Exporting webdriver.chrome.driver as C:\Users\Mehmet\.cache\selenium\chromedriver\win32\102.0.5005.61\chromedriver.exe
Starting ChromeDriver 102.0.5005.61 (0e59bcc00cc4985ce39ad31c150065f159d95ad3-refs/branch-heads/5005@{#819}) on port 45806
Only local connections are allowed.
Please see https://chromedriver.chromium.org/security-considerations for suggestions on keeping ChromeDriver safe.
ChromeDriver was started successfully.
Haz 29, 2022 11:48:17 ÖS org.openqa.selenium.remote.ProtocolHandshake createSession
INFO: Detected dialect: W3C
]]></system-err>
  </testcase>
  <testcase name="Positive Login Scenarios #4" classname="Fidexio Login feature" time="6.549">
    <error message="no such element: Unable to locate element: {&quot;method&quot;:&quot;xpath&quot;,&quot;selector&quot;:&quot;//span[@class=&apos;oe_topbar_name&apos;]&quot;}&#10;  (Session info: headless chrome=102.0.5005.115)&#10;For documentation on this error, please visit: https://www.seleniumhq.org/exceptions/no_such_element.html&#10;Build info: version: &apos;3.141.59&apos;, revision: &apos;e82be7d358&apos;, time: &apos;2018-11-14T08:17:03&apos;&#10;System info: host: &apos;MEHMET&apos;, ip: &apos;192.168.19.1&apos;, os.name: &apos;Windows 10&apos;, os.arch: &apos;amd64&apos;, os.version: &apos;10.0&apos;, java.version: &apos;11.0.12&apos;&#10;Driver info: org.openqa.selenium.chrome.ChromeDriver&#10;Capabilities {acceptInsecureCerts: false, browserName: chrome, browserVersion: 102.0.5005.115, chrome: {chromedriverVersion: 102.0.5005.61 (0e59bcc00cc4..., userDataDir: C:\Users\Mehmet\AppData\Loc...}, goog:chromeOptions: {debuggerAddress: localhost:52448}, javascriptEnabled: true, networkConnectionEnabled: false, pageLoadStrategy: normal, platform: WINDOWS, platformName: WINDOWS, proxy: Proxy(), setWindowRect: true, strictFileInteractability: false, timeouts: {implicit: 0, pageLoad: 300000, script: 30000}, unhandledPromptBehavior: dismiss and notify, webauthn:extension:credBlob: true, webauthn:extension:largeBlob: true, webauthn:virtualAuthenticators: true}&#10;Session ID: 5ebe397db8d4b70222892cfe006fc7f0&#10;*** Element info: {Using=xpath, value=//span[@class=&apos;oe_topbar_name&apos;]}" type="org.openqa.selenium.NoSuchElementException"><![CDATA[org.openqa.selenium.NoSuchElementException: 
no such element: Unable to locate element: {"method":"xpath","selector":"//span[@class='oe_topbar_name']"}
  (Session info: headless chrome=102.0.5005.115)
For documentation on this error, please visit: https://www.seleniumhq.org/exceptions/no_such_element.html
Build info: version: '3.141.59', revision: 'e82be7d358', time: '2018-11-14T08:17:03'
System info: host: 'MEHMET', ip: '192.168.19.1', os.name: 'Windows 10', os.arch: 'amd64', os.version: '10.0', java.version: '11.0.12'
Driver info: org.openqa.selenium.chrome.ChromeDriver
Capabilities {acceptInsecureCerts: false, browserName: chrome, browserVersion: 102.0.5005.115, chrome: {chromedriverVersion: 102.0.5005.61 (0e59bcc00cc4..., userDataDir: C:\Users\Mehmet\AppData\Loc...}, goog:chromeOptions: {debuggerAddress: localhost:52448}, javascriptEnabled: true, networkConnectionEnabled: false, pageLoadStrategy: normal, platform: WINDOWS, platformName: WINDOWS, proxy: Proxy(), setWindowRect: true, strictFileInteractability: false, timeouts: {implicit: 0, pageLoad: 300000, script: 30000}, unhandledPromptBehavior: dismiss and notify, webauthn:extension:credBlob: true, webauthn:extension:largeBlob: true, webauthn:virtualAuthenticators: true}
Session ID: 5ebe397db8d4b70222892cfe006fc7f0
*** Element info: {Using=xpath, value=//span[@class='oe_topbar_name']}
]]></error>
    <system-err><![CDATA[[pool-2-thread-1] INFO io.github.bonigarcia.wdm.WebDriverManager - Using chromedriver 102.0.5005.61 (resolved driver for Chrome 102)
[pool-2-thread-1] INFO io.github.bonigarcia.wdm.WebDriverManager - Exporting webdriver.chrome.driver as C:\Users\Mehmet\.cache\selenium\chromedriver\win32\102.0.5005.61\chromedriver.exe
Starting ChromeDriver 102.0.5005.61 (0e59bcc00cc4985ce39ad31c150065f159d95ad3-refs/branch-heads/5005@{#819}) on port 21080
Only local connections are allowed.
Please see https://chromedriver.chromium.org/security-considerations for suggestions on keeping ChromeDriver safe.
ChromeDriver was started successfully.
Haz 29, 2022 11:48:23 ÖS org.openqa.selenium.remote.ProtocolHandshake createSession
INFO: Detected dialect: W3C
]]></system-err>
  </testcase>
  <testcase name="Positive Login Scenarios #5" classname="Fidexio Login feature" time="6.47">
    <error message="no such element: Unable to locate element: {&quot;method&quot;:&quot;xpath&quot;,&quot;selector&quot;:&quot;//span[@class=&apos;oe_topbar_name&apos;]&quot;}&#10;  (Session info: headless chrome=102.0.5005.115)&#10;For documentation on this error, please visit: https://www.seleniumhq.org/exceptions/no_such_element.html&#10;Build info: version: &apos;3.141.59&apos;, revision: &apos;e82be7d358&apos;, time: &apos;2018-11-14T08:17:03&apos;&#10;System info: host: &apos;MEHMET&apos;, ip: &apos;192.168.19.1&apos;, os.name: &apos;Windows 10&apos;, os.arch: &apos;amd64&apos;, os.version: &apos;10.0&apos;, java.version: &apos;11.0.12&apos;&#10;Driver info: org.openqa.selenium.chrome.ChromeDriver&#10;Capabilities {acceptInsecureCerts: false, browserName: chrome, browserVersion: 102.0.5005.115, chrome: {chromedriverVersion: 102.0.5005.61 (0e59bcc00cc4..., userDataDir: C:\Users\Mehmet\AppData\Loc...}, goog:chromeOptions: {debuggerAddress: localhost:52479}, javascriptEnabled: true, networkConnectionEnabled: false, pageLoadStrategy: normal, platform: WINDOWS, platformName: WINDOWS, proxy: Proxy(), setWindowRect: true, strictFileInteractability: false, timeouts: {implicit: 0, pageLoad: 300000, script: 30000}, unhandledPromptBehavior: dismiss and notify, webauthn:extension:credBlob: true, webauthn:extension:largeBlob: true, webauthn:virtualAuthenticators: true}&#10;Session ID: 55cf7fa0d76f67c756f998091c54a040&#10;*** Element info: {Using=xpath, value=//span[@class=&apos;oe_topbar_name&apos;]}" type="org.openqa.selenium.NoSuchElementException"><![CDATA[org.openqa.selenium.NoSuchElementException: 
no such element: Unable to locate element: {"method":"xpath","selector":"//span[@class='oe_topbar_name']"}
  (Session info: headless chrome=102.0.5005.115)
For documentation on this error, please visit: https://www.seleniumhq.org/exceptions/no_such_element.html
Build info: version: '3.141.59', revision: 'e82be7d358', time: '2018-11-14T08:17:03'
System info: host: 'MEHMET', ip: '192.168.19.1', os.name: 'Windows 10', os.arch: 'amd64', os.version: '10.0', java.version: '11.0.12'
Driver info: org.openqa.selenium.chrome.ChromeDriver
Capabilities {acceptInsecureCerts: false, browserName: chrome, browserVersion: 102.0.5005.115, chrome: {chromedriverVersion: 102.0.5005.61 (0e59bcc00cc4..., userDataDir: C:\Users\Mehmet\AppData\Loc...}, goog:chromeOptions: {debuggerAddress: localhost:52479}, javascriptEnabled: true, networkConnectionEnabled: false, pageLoadStrategy: normal, platform: WINDOWS, platformName: WINDOWS, proxy: Proxy(), setWindowRect: true, strictFileInteractability: false, timeouts: {implicit: 0, pageLoad: 300000, script: 30000}, unhandledPromptBehavior: dismiss and notify, webauthn:extension:credBlob: true, webauthn:extension:largeBlob: true, webauthn:virtualAuthenticators: true}
Session ID: 55cf7fa0d76f67c756f998091c54a040
*** Element info: {Using=xpath, value=//span[@class='oe_topbar_name']}
]]></error>
    <system-err><![CDATA[[pool-2-thread-1] INFO io.github.bonigarcia.wdm.WebDriverManager - Using chromedriver 102.0.5005.61 (resolved driver for Chrome 102)
[pool-2-thread-1] INFO io.github.bonigarcia.wdm.WebDriverManager - Exporting webdriver.chrome.driver as C:\Users\Mehmet\.cache\selenium\chromedriver\win32\102.0.5005.61\chromedriver.exe
Starting ChromeDriver 102.0.5005.61 (0e59bcc00cc4985ce39ad31c150065f159d95ad3-refs/branch-heads/5005@{#819}) on port 7176
Only local connections are allowed.
Please see https://chromedriver.chromium.org/security-considerations for suggestions on keeping ChromeDriver safe.
ChromeDriver was started successfully.
Haz 29, 2022 11:48:30 ÖS org.openqa.selenium.remote.ProtocolHandshake createSession
INFO: Detected dialect: W3C
]]></system-err>
  </testcase>
  <testcase name="Positive Login Scenarios #6" classname="Fidexio Login feature" time="5.868">
    <error message="no such element: Unable to locate element: {&quot;method&quot;:&quot;xpath&quot;,&quot;selector&quot;:&quot;//span[@class=&apos;oe_topbar_name&apos;]&quot;}&#10;  (Session info: headless chrome=102.0.5005.115)&#10;For documentation on this error, please visit: https://www.seleniumhq.org/exceptions/no_such_element.html&#10;Build info: version: &apos;3.141.59&apos;, revision: &apos;e82be7d358&apos;, time: &apos;2018-11-14T08:17:03&apos;&#10;System info: host: &apos;MEHMET&apos;, ip: &apos;192.168.19.1&apos;, os.name: &apos;Windows 10&apos;, os.arch: &apos;amd64&apos;, os.version: &apos;10.0&apos;, java.version: &apos;11.0.12&apos;&#10;Driver info: org.openqa.selenium.chrome.ChromeDriver&#10;Capabilities {acceptInsecureCerts: false, browserName: chrome, browserVersion: 102.0.5005.115, chrome: {chromedriverVersion: 102.0.5005.61 (0e59bcc00cc4..., userDataDir: C:\Users\Mehmet\AppData\Loc...}, goog:chromeOptions: {debuggerAddress: localhost:52511}, javascriptEnabled: true, networkConnectionEnabled: false, pageLoadStrategy: normal, platform: WINDOWS, platformName: WINDOWS, proxy: Proxy(), setWindowRect: true, strictFileInteractability: false, timeouts: {implicit: 0, pageLoad: 300000, script: 30000}, unhandledPromptBehavior: dismiss and notify, webauthn:extension:credBlob: true, webauthn:extension:largeBlob: true, webauthn:virtualAuthenticators: true}&#10;Session ID: 67767fce0bf7f74672f87125793bcc08&#10;*** Element info: {Using=xpath, value=//span[@class=&apos;oe_topbar_name&apos;]}" type="org.openqa.selenium.NoSuchElementException"><![CDATA[org.openqa.selenium.NoSuchElementException: 
no such element: Unable to locate element: {"method":"xpath","selector":"//span[@class='oe_topbar_name']"}
  (Session info: headless chrome=102.0.5005.115)
For documentation on this error, please visit: https://www.seleniumhq.org/exceptions/no_such_element.html
Build info: version: '3.141.59', revision: 'e82be7d358', time: '2018-11-14T08:17:03'
System info: host: 'MEHMET', ip: '192.168.19.1', os.name: 'Windows 10', os.arch: 'amd64', os.version: '10.0', java.version: '11.0.12'
Driver info: org.openqa.selenium.chrome.ChromeDriver
Capabilities {acceptInsecureCerts: false, browserName: chrome, browserVersion: 102.0.5005.115, chrome: {chromedriverVersion: 102.0.5005.61 (0e59bcc00cc4..., userDataDir: C:\Users\Mehmet\AppData\Loc...}, goog:chromeOptions: {debuggerAddress: localhost:52511}, javascriptEnabled: true, networkConnectionEnabled: false, pageLoadStrategy: normal, platform: WINDOWS, platformName: WINDOWS, proxy: Proxy(), setWindowRect: true, strictFileInteractability: false, timeouts: {implicit: 0, pageLoad: 300000, script: 30000}, unhandledPromptBehavior: dismiss and notify, webauthn:extension:credBlob: true, webauthn:extension:largeBlob: true, webauthn:virtualAuthenticators: true}
Session ID: 67767fce0bf7f74672f87125793bcc08
*** Element info: {Using=xpath, value=//span[@class='oe_topbar_name']}
]]></error>
    <system-err><![CDATA[[pool-2-thread-1] INFO io.github.bonigarcia.wdm.WebDriverManager - Using chromedriver 102.0.5005.61 (resolved driver for Chrome 102)
[pool-2-thread-1] INFO io.github.bonigarcia.wdm.WebDriverManager - Exporting webdriver.chrome.driver as C:\Users\Mehmet\.cache\selenium\chromedriver\win32\102.0.5005.61\chromedriver.exe
Starting ChromeDriver 102.0.5005.61 (0e59bcc00cc4985ce39ad31c150065f159d95ad3-refs/branch-heads/5005@{#819}) on port 23318
Only local connections are allowed.
Please see https://chromedriver.chromium.org/security-considerations for suggestions on keeping ChromeDriver safe.
ChromeDriver was started successfully.
Haz 29, 2022 11:48:36 ÖS org.openqa.selenium.remote.ProtocolHandshake createSession
INFO: Detected dialect: W3C
]]></system-err>
  </testcase>
  <testcase name="Negative Login Scenario with wrong email credentials #1" classname="Fidexio Login feature" time="4.344">
    <system-out><![CDATA[ExpectedWarningMessage = Wrong login/password
ActualWarningMessage = Wrong login/password
]]></system-out>
    <system-err><![CDATA[[pool-2-thread-1] INFO io.github.bonigarcia.wdm.WebDriverManager - Using chromedriver 102.0.5005.61 (resolved driver for Chrome 102)
[pool-2-thread-1] INFO io.github.bonigarcia.wdm.WebDriverManager - Exporting webdriver.chrome.driver as C:\Users\Mehmet\.cache\selenium\chromedriver\win32\102.0.5005.61\chromedriver.exe
Starting ChromeDriver 102.0.5005.61 (0e59bcc00cc4985ce39ad31c150065f159d95ad3-refs/branch-heads/5005@{#819}) on port 38278
Only local connections are allowed.
Please see https://chromedriver.chromium.org/security-considerations for suggestions on keeping ChromeDriver safe.
ChromeDriver was started successfully.
Haz 29, 2022 11:48:42 ÖS org.openqa.selenium.remote.ProtocolHandshake createSession
INFO: Detected dialect: W3C
]]></system-err>
  </testcase>
  <testcase name="Negative Login Scenario with wrong email credentials #2" classname="Fidexio Login feature" time="4.252">
    <system-out><![CDATA[ExpectedWarningMessage = Wrong login/password
ActualWarningMessage = Wrong login/password
]]></system-out>
    <system-err><![CDATA[[pool-2-thread-1] INFO io.github.bonigarcia.wdm.WebDriverManager - Using chromedriver 102.0.5005.61 (resolved driver for Chrome 102)
[pool-2-thread-1] INFO io.github.bonigarcia.wdm.WebDriverManager - Exporting webdriver.chrome.driver as C:\Users\Mehmet\.cache\selenium\chromedriver\win32\102.0.5005.61\chromedriver.exe
Starting ChromeDriver 102.0.5005.61 (0e59bcc00cc4985ce39ad31c150065f159d95ad3-refs/branch-heads/5005@{#819}) on port 31781
Only local connections are allowed.
Please see https://chromedriver.chromium.org/security-considerations for suggestions on keeping ChromeDriver safe.
ChromeDriver was started successfully.
Haz 29, 2022 11:48:46 ÖS org.openqa.selenium.remote.ProtocolHandshake createSession
INFO: Detected dialect: W3C
]]></system-err>
  </testcase>
  <testcase name="Negative Login Scenario with wrong email credentials #3" classname="Fidexio Login feature" time="4.612">
    <system-out><![CDATA[ExpectedWarningMessage = Wrong login/password
ActualWarningMessage = Wrong login/password
]]></system-out>
    <system-err><![CDATA[[pool-2-thread-1] INFO io.github.bonigarcia.wdm.WebDriverManager - Using chromedriver 102.0.5005.61 (resolved driver for Chrome 102)
[pool-2-thread-1] INFO io.github.bonigarcia.wdm.WebDriverManager - Exporting webdriver.chrome.driver as C:\Users\Mehmet\.cache\selenium\chromedriver\win32\102.0.5005.61\chromedriver.exe
Starting ChromeDriver 102.0.5005.61 (0e59bcc00cc4985ce39ad31c150065f159d95ad3-refs/branch-heads/5005@{#819}) on port 27246
Only local connections are allowed.
Please see https://chromedriver.chromium.org/security-considerations for suggestions on keeping ChromeDriver safe.
ChromeDriver was started successfully.
Haz 29, 2022 11:48:50 ÖS org.openqa.selenium.remote.ProtocolHandshake createSession
INFO: Detected dialect: W3C
]]></system-err>
  </testcase>
  <testcase name="Negative Login Scenario with wrong email credentials #4" classname="Fidexio Login feature" time="4.554">
    <system-out><![CDATA[ExpectedWarningMessage = Wrong login/password
ActualWarningMessage = Wrong login/password
]]></system-out>
    <system-err><![CDATA[[pool-2-thread-1] INFO io.github.bonigarcia.wdm.WebDriverManager - Using chromedriver 102.0.5005.61 (resolved driver for Chrome 102)
[pool-2-thread-1] INFO io.github.bonigarcia.wdm.WebDriverManager - Exporting webdriver.chrome.driver as C:\Users\Mehmet\.cache\selenium\chromedriver\win32\102.0.5005.61\chromedriver.exe
Starting ChromeDriver 102.0.5005.61 (0e59bcc00cc4985ce39ad31c150065f159d95ad3-refs/branch-heads/5005@{#819}) on port 36738
Only local connections are allowed.
Please see https://chromedriver.chromium.org/security-considerations for suggestions on keeping ChromeDriver safe.
ChromeDriver was started successfully.
Haz 29, 2022 11:48:55 ÖS org.openqa.selenium.remote.ProtocolHandshake createSession
INFO: Detected dialect: W3C
]]></system-err>
  </testcase>
  <testcase name="Negative Login Scenario with wrong email credentials #5" classname="Fidexio Login feature" time="4.664">
    <system-out><![CDATA[ExpectedWarningMessage = Wrong login/password
ActualWarningMessage = Wrong login/password
]]></system-out>
    <system-err><![CDATA[[pool-2-thread-1] INFO io.github.bonigarcia.wdm.WebDriverManager - Using chromedriver 102.0.5005.61 (resolved driver for Chrome 102)
[pool-2-thread-1] INFO io.github.bonigarcia.wdm.WebDriverManager - Exporting webdriver.chrome.driver as C:\Users\Mehmet\.cache\selenium\chromedriver\win32\102.0.5005.61\chromedriver.exe
Starting ChromeDriver 102.0.5005.61 (0e59bcc00cc4985ce39ad31c150065f159d95ad3-refs/branch-heads/5005@{#819}) on port 10835
Only local connections are allowed.
Please see https://chromedriver.chromium.org/security-considerations for suggestions on keeping ChromeDriver safe.
ChromeDriver was started successfully.
Haz 29, 2022 11:49:00 ÖS org.openqa.selenium.remote.ProtocolHandshake createSession
INFO: Detected dialect: W3C
]]></system-err>
  </testcase>
  <testcase name="Negative Login Scenario with wrong email credentials #6" classname="Fidexio Login feature" time="4.56">
    <system-out><![CDATA[ExpectedWarningMessage = Wrong login/password
ActualWarningMessage = Wrong login/password
]]></system-out>
    <system-err><![CDATA[[pool-2-thread-1] INFO io.github.bonigarcia.wdm.WebDriverManager - Using chromedriver 102.0.5005.61 (resolved driver for Chrome 102)
[pool-2-thread-1] INFO io.github.bonigarcia.wdm.WebDriverManager - Exporting webdriver.chrome.driver as C:\Users\Mehmet\.cache\selenium\chromedriver\win32\102.0.5005.61\chromedriver.exe
Starting ChromeDriver 102.0.5005.61 (0e59bcc00cc4985ce39ad31c150065f159d95ad3-refs/branch-heads/5005@{#819}) on port 21117
Only local connections are allowed.
Please see https://chromedriver.chromium.org/security-considerations for suggestions on keeping ChromeDriver safe.
ChromeDriver was started successfully.
Haz 29, 2022 11:49:04 ÖS org.openqa.selenium.remote.ProtocolHandshake createSession
INFO: Detected dialect: W3C
]]></system-err>
  </testcase>
  <testcase name="Negative Login Scenario with wrong password credentials #1" classname="Fidexio Login feature" time="4.237">
    <system-out><![CDATA[ExpectedWarningMessage = Wrong login/password
ActualWarningMessage = Wrong login/password
]]></system-out>
    <system-err><![CDATA[[pool-2-thread-1] INFO io.github.bonigarcia.wdm.WebDriverManager - Using chromedriver 102.0.5005.61 (resolved driver for Chrome 102)
[pool-2-thread-1] INFO io.github.bonigarcia.wdm.WebDriverManager - Exporting webdriver.chrome.driver as C:\Users\Mehmet\.cache\selenium\chromedriver\win32\102.0.5005.61\chromedriver.exe
Starting ChromeDriver 102.0.5005.61 (0e59bcc00cc4985ce39ad31c150065f159d95ad3-refs/branch-heads/5005@{#819}) on port 45041
Only local connections are allowed.
Please see https://chromedriver.chromium.org/security-considerations for suggestions on keeping ChromeDriver safe.
ChromeDriver was started successfully.
Haz 29, 2022 11:49:09 ÖS org.openqa.selenium.remote.ProtocolHandshake createSession
INFO: Detected dialect: W3C
]]></system-err>
  </testcase>
  <testcase name="Negative Login Scenario with wrong password credentials #2" classname="Fidexio Login feature" time="4.556">
    <system-out><![CDATA[ExpectedWarningMessage = Wrong login/password
ActualWarningMessage = Wrong login/password
]]></system-out>
    <system-err><![CDATA[[pool-2-thread-1] INFO io.github.bonigarcia.wdm.WebDriverManager - Using chromedriver 102.0.5005.61 (resolved driver for Chrome 102)
[pool-2-thread-1] INFO io.github.bonigarcia.wdm.WebDriverManager - Exporting webdriver.chrome.driver as C:\Users\Mehmet\.cache\selenium\chromedriver\win32\102.0.5005.61\chromedriver.exe
Starting ChromeDriver 102.0.5005.61 (0e59bcc00cc4985ce39ad31c150065f159d95ad3-refs/branch-heads/5005@{#819}) on port 27179
Only local connections are allowed.
Please see https://chromedriver.chromium.org/security-considerations for suggestions on keeping ChromeDriver safe.
ChromeDriver was started successfully.
Haz 29, 2022 11:49:13 ÖS org.openqa.selenium.remote.ProtocolHandshake createSession
INFO: Detected dialect: W3C
]]></system-err>
  </testcase>
  <testcase name="Negative Login Scenario with wrong password credentials #3" classname="Fidexio Login feature" time="4.39">
    <system-out><![CDATA[ExpectedWarningMessage = Wrong login/password
ActualWarningMessage = Wrong login/password
]]></system-out>
    <system-err><![CDATA[[pool-2-thread-1] INFO io.github.bonigarcia.wdm.WebDriverManager - Using chromedriver 102.0.5005.61 (resolved driver for Chrome 102)
[pool-2-thread-1] INFO io.github.bonigarcia.wdm.WebDriverManager - Exporting webdriver.chrome.driver as C:\Users\Mehmet\.cache\selenium\chromedriver\win32\102.0.5005.61\chromedriver.exe
Starting ChromeDriver 102.0.5005.61 (0e59bcc00cc4985ce39ad31c150065f159d95ad3-refs/branch-heads/5005@{#819}) on port 5057
Only local connections are allowed.
Please see https://chromedriver.chromium.org/security-considerations for suggestions on keeping ChromeDriver safe.
ChromeDriver was started successfully.
Haz 29, 2022 11:49:18 ÖS org.openqa.selenium.remote.ProtocolHandshake createSession
INFO: Detected dialect: W3C
]]></system-err>
  </testcase>
  <testcase name="Negative Login Scenario with wrong password credentials #4" classname="Fidexio Login feature" time="4.27">
    <system-out><![CDATA[ExpectedWarningMessage = Wrong login/password
ActualWarningMessage = Wrong login/password
]]></system-out>
    <system-err><![CDATA[[pool-2-thread-1] INFO io.github.bonigarcia.wdm.WebDriverManager - Using chromedriver 102.0.5005.61 (resolved driver for Chrome 102)
[pool-2-thread-1] INFO io.github.bonigarcia.wdm.WebDriverManager - Exporting webdriver.chrome.driver as C:\Users\Mehmet\.cache\selenium\chromedriver\win32\102.0.5005.61\chromedriver.exe
Starting ChromeDriver 102.0.5005.61 (0e59bcc00cc4985ce39ad31c150065f159d95ad3-refs/branch-heads/5005@{#819}) on port 15655
Only local connections are allowed.
Please see https://chromedriver.chromium.org/security-considerations for suggestions on keeping ChromeDriver safe.
ChromeDriver was started successfully.
Haz 29, 2022 11:49:22 ÖS org.openqa.selenium.remote.ProtocolHandshake createSession
INFO: Detected dialect: W3C
]]></system-err>
  </testcase>
  <testcase name="Negative Login Scenario with wrong password credentials #5" classname="Fidexio Login feature" time="4.342">
    <system-out><![CDATA[ExpectedWarningMessage = Wrong login/password
ActualWarningMessage = Wrong login/password
]]></system-out>
    <system-err><![CDATA[[pool-2-thread-1] INFO io.github.bonigarcia.wdm.WebDriverManager - Using chromedriver 102.0.5005.61 (resolved driver for Chrome 102)
[pool-2-thread-1] INFO io.github.bonigarcia.wdm.WebDriverManager - Exporting webdriver.chrome.driver as C:\Users\Mehmet\.cache\selenium\chromedriver\win32\102.0.5005.61\chromedriver.exe
Starting ChromeDriver 102.0.5005.61 (0e59bcc00cc4985ce39ad31c150065f159d95ad3-refs/branch-heads/5005@{#819}) on port 28734
Only local connections are allowed.
Please see https://chromedriver.chromium.org/security-considerations for suggestions on keeping ChromeDriver safe.
ChromeDriver was started successfully.
Haz 29, 2022 11:49:26 ÖS org.openqa.selenium.remote.ProtocolHandshake createSession
INFO: Detected dialect: W3C
]]></system-err>
  </testcase>
  <testcase name="Negative Login Scenario with wrong password credentials #6" classname="Fidexio Login feature" time="4.3">
    <system-out><![CDATA[ExpectedWarningMessage = Wrong login/password
ActualWarningMessage = Wrong login/password
]]></system-out>
    <system-err><![CDATA[[pool-2-thread-1] INFO io.github.bonigarcia.wdm.WebDriverManager - Using chromedriver 102.0.5005.61 (resolved driver for Chrome 102)
[pool-2-thread-1] INFO io.github.bonigarcia.wdm.WebDriverManager - Exporting webdriver.chrome.driver as C:\Users\Mehmet\.cache\selenium\chromedriver\win32\102.0.5005.61\chromedriver.exe
Starting ChromeDriver 102.0.5005.61 (0e59bcc00cc4985ce39ad31c150065f159d95ad3-refs/branch-heads/5005@{#819}) on port 48871
Only local connections are allowed.
Please see https://chromedriver.chromium.org/security-considerations for suggestions on keeping ChromeDriver safe.
ChromeDriver was started successfully.
Haz 29, 2022 11:49:31 ÖS org.openqa.selenium.remote.ProtocolHandshake createSession
INFO: Detected dialect: W3C
]]></system-err>
  </testcase>
  <testcase name="Negative Login Scenario with empty username credentials #1" classname="Fidexio Login feature" time="3.949">
    <system-err><![CDATA[[pool-2-thread-1] INFO io.github.bonigarcia.wdm.WebDriverManager - Using chromedriver 102.0.5005.61 (resolved driver for Chrome 102)
[pool-2-thread-1] INFO io.github.bonigarcia.wdm.WebDriverManager - Exporting webdriver.chrome.driver as C:\Users\Mehmet\.cache\selenium\chromedriver\win32\102.0.5005.61\chromedriver.exe
Starting ChromeDriver 102.0.5005.61 (0e59bcc00cc4985ce39ad31c150065f159d95ad3-refs/branch-heads/5005@{#819}) on port 21850
Only local connections are allowed.
Please see https://chromedriver.chromium.org/security-considerations for suggestions on keeping ChromeDriver safe.
ChromeDriver was started successfully.
Haz 29, 2022 11:49:35 ÖS org.openqa.selenium.remote.ProtocolHandshake createSession
INFO: Detected dialect: W3C
]]></system-err>
  </testcase>
  <testcase name="Negative Login Scenario with empty username credentials #2" classname="Fidexio Login feature" time="3.835">
    <system-err><![CDATA[[pool-2-thread-1] INFO io.github.bonigarcia.wdm.WebDriverManager - Using chromedriver 102.0.5005.61 (resolved driver for Chrome 102)
[pool-2-thread-1] INFO io.github.bonigarcia.wdm.WebDriverManager - Exporting webdriver.chrome.driver as C:\Users\Mehmet\.cache\selenium\chromedriver\win32\102.0.5005.61\chromedriver.exe
Starting ChromeDriver 102.0.5005.61 (0e59bcc00cc4985ce39ad31c150065f159d95ad3-refs/branch-heads/5005@{#819}) on port 35112
Only local connections are allowed.
Please see https://chromedriver.chromium.org/security-considerations for suggestions on keeping ChromeDriver safe.
ChromeDriver was started successfully.
Haz 29, 2022 11:49:39 ÖS org.openqa.selenium.remote.ProtocolHandshake createSession
INFO: Detected dialect: W3C
]]></system-err>
  </testcase>
  <testcase name="Negative Login Scenario with empty password credentials #1" classname="Fidexio Login feature" time="4.042">
    <system-err><![CDATA[[pool-2-thread-1] INFO io.github.bonigarcia.wdm.WebDriverManager - Using chromedriver 102.0.5005.61 (resolved driver for Chrome 102)
[pool-2-thread-1] INFO io.github.bonigarcia.wdm.WebDriverManager - Exporting webdriver.chrome.driver as C:\Users\Mehmet\.cache\selenium\chromedriver\win32\102.0.5005.61\chromedriver.exe
Starting ChromeDriver 102.0.5005.61 (0e59bcc00cc4985ce39ad31c150065f159d95ad3-refs/branch-heads/5005@{#819}) on port 41959
Only local connections are allowed.
Please see https://chromedriver.chromium.org/security-considerations for suggestions on keeping ChromeDriver safe.
ChromeDriver was started successfully.
Haz 29, 2022 11:49:43 ÖS org.openqa.selenium.remote.ProtocolHandshake createSession
INFO: Detected dialect: W3C
]]></system-err>
  </testcase>
  <testcase name="Negative Login Scenario with empty password credentials #2" classname="Fidexio Login feature" time="3.825">
    <system-err><![CDATA[[pool-2-thread-1] INFO io.github.bonigarcia.wdm.WebDriverManager - Using chromedriver 102.0.5005.61 (resolved driver for Chrome 102)
[pool-2-thread-1] INFO io.github.bonigarcia.wdm.WebDriverManager - Exporting webdriver.chrome.driver as C:\Users\Mehmet\.cache\selenium\chromedriver\win32\102.0.5005.61\chromedriver.exe
Starting ChromeDriver 102.0.5005.61 (0e59bcc00cc4985ce39ad31c150065f159d95ad3-refs/branch-heads/5005@{#819}) on port 40300
Only local connections are allowed.
Please see https://chromedriver.chromium.org/security-considerations for suggestions on keeping ChromeDriver safe.
ChromeDriver was started successfully.
Haz 29, 2022 11:49:47 ÖS org.openqa.selenium.remote.ProtocolHandshake createSession
INFO: Detected dialect: W3C
]]></system-err>
  </testcase>
  <testcase name="Negative Login Scenario with empty credentials" classname="Fidexio Login feature" time="3.781">
    <system-err><![CDATA[[pool-2-thread-1] INFO io.github.bonigarcia.wdm.WebDriverManager - Using chromedriver 102.0.5005.61 (resolved driver for Chrome 102)
[pool-2-thread-1] INFO io.github.bonigarcia.wdm.WebDriverManager - Exporting webdriver.chrome.driver as C:\Users\Mehmet\.cache\selenium\chromedriver\win32\102.0.5005.61\chromedriver.exe
Starting ChromeDriver 102.0.5005.61 (0e59bcc00cc4985ce39ad31c150065f159d95ad3-refs/branch-heads/5005@{#819}) on port 12788
Only local connections are allowed.
Please see https://chromedriver.chromium.org/security-considerations for suggestions on keeping ChromeDriver safe.
ChromeDriver was started successfully.
Haz 29, 2022 11:49:51 ÖS org.openqa.selenium.remote.ProtocolHandshake createSession
INFO: Detected dialect: W3C
]]></system-err>
  </testcase>
</testsuite>